<?xml version="1.0" encoding="UTF-8"?>
<!-- Generated by org.testng.reporters.JUnitXMLReporter -->
<testsuite hostname="DEENAAADHWIK" ignored="0" name="Test" tests="4" failures="1" timestamp="26 Jan 2021 11:55:46 GMT" time="77.462" errors="0">
  <testcase name="clickPerf" time="0.11" classname="com.crm.testcases.HomePageTest"/>
  <testcase name="verifyName" time="0.052" classname="com.crm.testcases.HomePageTest">
    <failure type="java.lang.AssertionError" message="expected [Welcome noma] but found [Welcome Sel]">
      <![CDATA[java.lang.AssertionError: expected [Welcome noma] but found [Welcome Sel]
	at com.crm.testcases.HomePageTest.verifyName(HomePageTest.java:36)
... Removed 31 stack frames]]>
    </failure>
  </testcase> <!-- verifyName -->
  <testcase name="checkTitle" time="0.024" classname="com.crm.testcases.LoginPageTest"/>
  <testcase name="login" time="10.15" classname="com.crm.testcases.LoginPageTest"/>
</testsuite> <!-- Test -->
